\BOOKMARK [0][-]{chapter*.1}{\376\377\000A\000g\000r\000a\000d\000e\000c\000i\000m\000i\000e\000n\000t\000o\000s}{}% 1
\BOOKMARK [0][-]{chapter*.2}{\376\377\000R\000e\000s\000u\000m\000e\000n}{}% 2
\BOOKMARK [0][-]{chapter*.3}{\376\377\000A\000b\000s\000t\000r\000a\000c\000t}{}% 3
\BOOKMARK [0][-]{chapter.1}{\376\377\000I\000n\000t\000r\000o\000d\000u\000c\000c\000i\000\363\000n}{}% 4
\BOOKMARK [1][-]{section.1.1}{\376\377\000M\000o\000t\000i\000v\000a\000t\000i\000o\000n\000\040\000a\000n\000d\000\040\000B\000a\000c\000k\000g\000r\000o\000u\000n\000d}{chapter.1}% 5
\BOOKMARK [1][-]{section.1.2}{\376\377\000C\000h\000a\000l\000l\000e\000n\000g\000e\000s\000\040\000a\000n\000d\000\040\000R\000e\000s\000e\000a\000r\000c\000h\000\040\000O\000p\000p\000o\000r\000t\000u\000n\000i\000t\000i\000e\000s}{chapter.1}% 6
\BOOKMARK [1][-]{section.1.3}{\376\377\000T\000h\000e\000s\000i\000s\000\040\000O\000b\000j\000e\000c\000t\000i\000v\000e\000s\000\040\000a\000n\000d\000\040\000O\000u\000t\000l\000i\000n\000e}{chapter.1}% 7
\BOOKMARK [0][-]{chapter.2}{\376\377\000R\000e\000m\000o\000l\000c\000a\000d\000o\000r\000:\000\040\000D\000e\000s\000c\000r\000i\000p\000c\000i\000\363\000n\000\040\000y\000\040\000R\000e\000q\000u\000e\000r\000i\000m\000i\000e\000n\000t\000o\000s}{}% 8
\BOOKMARK [1][-]{section.2.1}{\376\377\000s\000e\000c\000t\000i\000o\000n\000\040\000o\000n\000e}{chapter.2}% 9
\BOOKMARK [0][-]{chapter.3}{\376\377\000H\000i\000b\000r\000i\000d\000a\000c\000i\000\363\000n\000\040\000d\000e\000\040\000R\000e\000m\000o\000l\000c\000a\000d\000o\000r\000e\000s}{}% 10
\BOOKMARK [0][-]{chapter.4}{\376\377\000M\000e\000t\000o\000d\000o\000l\000o\000g\000\355\000a\000\040\000p\000a\000r\000a\000\040\000d\000i\000s\000e\000\361\000o\000\040\000d\000e\000\040\000B\000a\000n\000c\000o\000\040\000d\000e\000\040\000B\000a\000t\000e\000r\000\355\000a\000s}{}% 11
\BOOKMARK [0][-]{chapter.5}{\376\377\000R\000e\000s\000u\000l\000t\000a\000d\000o\000s\000\040\000d\000e\000\040\000S\000i\000m\000u\000l\000a\000c\000i\000\363\000n}{}% 12
\BOOKMARK [1][-]{section.5.1}{\376\377\000C\000e\000l\000d\000a\000\040\000d\000e\000\040\000B\000a\000t\000e\000r\000\355\000a}{chapter.5}% 13
\BOOKMARK [1][-]{section.5.2}{\376\377\000B\000a\000n\000c\000o\000\040\000d\000e\000\040\000B\000a\000t\000e\000r\000\355\000a}{chapter.5}% 14
\BOOKMARK [1][-]{section.5.3}{\376\377\000M\000o\000t\000o\000r\000\040\000d\000i\000e\000s\000e\000l}{chapter.5}% 15
\BOOKMARK [1][-]{section.5.4}{\376\377\000M\000o\000t\000o\000r\000\040\000e\000l\000\351\000c\000t\000r\000i\000c\000o}{chapter.5}% 16
\BOOKMARK [1][-]{section.5.5}{\376\377\000T\000r\000e\000n\000\040\000d\000e\000\040\000P\000o\000t\000e\000n\000c\000i\000a}{chapter.5}% 17
\BOOKMARK [0][-]{chapter.6}{\376\377\000C\000o\000n\000c\000l\000u\000s\000i\000o\000n\000e\000s}{}% 18
\BOOKMARK [0][-]{appendix.Alph1}{\376\377\000S\000a\000m\000p\000l\000e\000\040\000C\000o\000d\000e\000\040\000f\000o\000r\000\040\000A\000p\000p\000e\000n\000d\000i\000x}{}% 19
\BOOKMARK [1][-]{section.Alph1.1}{\376\377\000E\000x\000a\000m\000p\000l\000e\000\040\000C\000o\000d\000e\000:\000\040\000B\000a\000n\000d\000g\000a\000p\000\040\000C\000a\000l\000c\000u\000l\000a\000t\000i\000o\000n\000\040\000i\000n\000\040\000P\000y\000t\000h\000o\000n}{appendix.Alph1}% 20
\BOOKMARK [0][-]{appendix.Alph2}{\376\377\000S\000u\000p\000p\000l\000e\000m\000e\000n\000t\000a\000r\000y\000\040\000T\000a\000b\000l\000e\000s}{}% 21
\BOOKMARK [1][-]{section.Alph2.1}{\376\377\000M\000a\000t\000e\000r\000i\000a\000l\000\040\000P\000r\000o\000p\000e\000r\000t\000i\000e\000s\000\040\000o\000f\000\040\000G\000a\000N\000\040\000a\000n\000d\000\040\000R\000e\000l\000a\000t\000e\000d\000\040\000S\000e\000m\000i\000c\000o\000n\000d\000u\000c\000t\000o\000r\000s}{appendix.Alph2}% 22
\BOOKMARK [1][-]{section.Alph2.2}{\376\377\000E\000x\000p\000e\000r\000i\000m\000e\000n\000t\000a\000l\000\040\000P\000a\000r\000a\000m\000e\000t\000e\000r\000s\000\040\000f\000o\000r\000\040\000E\000p\000i\000t\000a\000x\000i\000a\000l\000\040\000G\000r\000o\000w\000t\000h}{appendix.Alph2}% 23
\BOOKMARK [1][-]{section.Alph2.3}{\376\377\000D\000e\000v\000i\000c\000e\000\040\000P\000e\000r\000f\000o\000r\000m\000a\000n\000c\000e\000\040\000M\000e\000t\000r\000i\000c\000s}{appendix.Alph2}% 24
\BOOKMARK [1][-]{section.Alph2.4}{\376\377\000C\000o\000m\000p\000a\000r\000i\000s\000o\000n\000\040\000o\000f\000\040\000S\000i\000m\000u\000l\000a\000t\000i\000o\000n\000\040\000a\000n\000d\000\040\000E\000x\000p\000e\000r\000i\000m\000e\000n\000t\000a\000l\000\040\000R\000e\000s\000u\000l\000t\000s}{appendix.Alph2}% 25
\BOOKMARK [0][-]{table.Alph2.4}{\376\377\000B\000i\000b\000l\000i\000o\000g\000r\000a\000f\000\355\000a}{}% 26
