This is pdfTeX, Version 3.141592653-2.6-1.40.25 (MiKTeX 24.1) (preloaded format=pdflatex 2025.6.1)  1 JUN 2025 18:35
entering extended mode
 restricted \write18 enabled.
 %&-line parsing enabled.
**./titlepage_thesis.tex
(titlepage_thesis.tex
LaTeX2e <2023-11-01> patch level 1
L3 programming layer <2024-01-04>

! LaTeX Error: Environment titlepage undefined.

See the LaTeX manual or LaTeX Companion for explanation.
Type  H <return>  for immediate help.
 ...                                              
                                                  
l.1 \begin{titlepage}
                     
Your command was ignored.
Type  I <command> <return>  to replace it with another command,
or  <return>  to continue without it.


! LaTeX Error: Missing \begin{document}.

See the LaTeX manual or LaTeX Companion for explanation.
Type  H <return>  for immediate help.
 ...                                              
                                                  
l.2     \begin{center}
                      
You're in trouble here.  Try typing  <return>  to proceed.
If that doesn't work, type  X <return>  to quit.


Overfull \hbox (20.0pt too wide) in paragraph at lines 2--2
[] 
 []

! Undefined control sequence.
l.4         \includegraphics
                            [width=0.8\textwidth]{images/logoUSM.pdf}
The control sequence at the end of the top line
of your error message was never \def'ed. If you have
misspelled it (e.g., `\hobx'), type `I' and the correct
spelling (e.g., `I\hbox'). Otherwise just continue,
and I'll forget about whatever was undefined.

Missing character: There is no [ in font nullfont!
Missing character: There is no w in font nullfont!
Missing character: There is no i in font nullfont!
Missing character: There is no d in font nullfont!
Missing character: There is no t in font nullfont!
Missing character: There is no h in font nullfont!
Missing character: There is no = in font nullfont!
Missing character: There is no 0 in font nullfont!
Missing character: There is no . in font nullfont!
Missing character: There is no 8 in font nullfont!
! Missing number, treated as zero.
<to be read again> 
                   ]
l.4         \includegraphics[width=0.8\textwidth]
                                                 {images/logoUSM.pdf}
A number should have been here; I inserted `0'.
(If you can't figure out why I needed to see a number,
look up `weird error' in the index to The TeXbook.)

! Illegal unit of measure (pt inserted).
<to be read again> 
                   ]
l.4         \includegraphics[width=0.8\textwidth]
                                                 {images/logoUSM.pdf}
Dimensions can be in units of em, ex, in, pt, pc,
cm, mm, dd, cc, nd, nc, bp, or sp; but yours is a new one!
I'll assume that you meant to say pt, for printer's points.
To recover gracefully from this error, it's best to
delete the erroneous units; e.g., type `2' to delete
two letters. (See Chapter 27 of The TeXbook.)

Missing character: There is no ] in font nullfont!
Missing character: There is no i in font nullfont!
Missing character: There is no m in font nullfont!
Missing character: There is no a in font nullfont!
Missing character: There is no g in font nullfont!
Missing character: There is no e in font nullfont!
Missing character: There is no s in font nullfont!
Missing character: There is no / in font nullfont!
Missing character: There is no l in font nullfont!
Missing character: There is no o in font nullfont!
Missing character: There is no g in font nullfont!
Missing character: There is no o in font nullfont!
Missing character: There is no U in font nullfont!
Missing character: There is no S in font nullfont!
Missing character: There is no M in font nullfont!
Missing character: There is no . in font nullfont!
Missing character: There is no p in font nullfont!
Missing character: There is no d in font nullfont!
Missing character: There is no f in font nullfont!
! Undefined control sequence.
l.6         \Large
                  
The control sequence at the end of the top line
of your error message was never \def'ed. If you have
misspelled it (e.g., `\hobx'), type `I' and the correct
spelling (e.g., `I\hbox'). Otherwise just continue,
and I'll forget about whatever was undefined.

Missing character: There is no M in font nullfont!
Missing character: There is no e in font nullfont!
Missing character: There is no m in font nullfont!
Missing character: There is no o in font nullfont!
Missing character: There is no r in font nullfont!
Missing character: There is no i in font nullfont!
Missing character: There is no a in font nullfont!
Missing character: There is no d in font nullfont!
Missing character: There is no e in font nullfont!
Missing character: There is no T in font nullfont!
LaTeX Font Info:    Trying to load font information for +cmr on input line 7.
LaTeX Font Info:    No file cmr.fd. on input line 7.

LaTeX Font Warning: Font shape `/cmr/m/n' undefined
(Font)              using `/cmr/m/n' instead on input line 7.

! Corrupted NFSS tables.
wrong@fontshape ...message {Corrupted NFSS tables}
                                                  error@fontshape else let f...
l.7         Memoria de Tí
                          tulo\\
This error message was generated by an \errmessage
command, so I can't give any explicit help.
Pretend that you're Hercule Poirot: Examine all clues,
and deduce the truth by order and method.


LaTeX Font Warning: Font shape `/cmr/m/n' undefined
(Font)              using `OT1/cmr/m/n' instead on input line 7.

Missing character: There is no t in font nullfont!
Missing character: There is no u in font nullfont!
Missing character: There is no l in font nullfont!
Missing character: There is no o in font nullfont!

Overfull \hbox (7.7778pt too wide) in paragraph at lines 7--7
 \/cmr/m/n/10 ^^S^^P 
 []

! Undefined control sequence.
<recently read> \huge 
                      
l.8         \huge
                 
The control sequence at the end of the top line
of your error message was never \def'ed. If you have
misspelled it (e.g., `\hobx'), type `I' and the correct
spelling (e.g., `I\hbox'). Otherwise just continue,
and I'll forget about whatever was undefined.


Overfull \hbox (40.40953pt too wide) in paragraph at lines 11--11
 []\OT1/cmr/bx/n/10 Nombre 
 []


Overfull \hbox (11.65967pt too wide) in paragraph at lines 11--11
 \OT1/cmr/bx/n/10 de 
 []


Overfull \hbox (8.78465pt too wide) in paragraph at lines 11--11
 \OT1/cmr/bx/n/10 la 
 []


Overfull \hbox (34.02066pt too wide) in paragraph at lines 11--11
 \OT1/cmr/bx/n/10 memo- 
 []


Overfull \hbox (13.52075pt too wide) in paragraph at lines 11--11
 \OT1/cmr/bx/n/10 ria 
 []


Overfull \hbox (11.65967pt too wide) in paragraph at lines 11--11
 \OT1/cmr/bx/n/10 de 
 []


Overfull \hbox (15.97214pt too wide) in paragraph at lines 11--11
 \OT1/cmr/bx/n/10 tit- 
 []


Overfull \hbox (10.22217pt too wide) in paragraph at lines 11--11
 \OT1/cmr/bx/n/10 u- 
 []


Overfull \hbox (29.22899pt too wide) in paragraph at lines 11--11
 \OT1/cmr/bx/n/10 laci^^Son 
 []


! LaTeX Error: The font size command \normalsize is not defined:
               there is probably something wrong with the class file.

See the LaTeX manual or LaTeX Companion for explanation.
Type  H <return>  for immediate help.
 ...                                              
                                                  
l.14         \normalsize
                        
Your command was ignored.
Type  I <command> <return>  to replace it with another command,
or  <return>  to continue without it.

Missing character: There is no T in font nullfont!
Missing character: There is no e in font nullfont!
Missing character: There is no s in font nullfont!
Missing character: There is no i in font nullfont!
Missing character: There is no s in font nullfont!
Missing character: There is no p in font nullfont!
Missing character: There is no a in font nullfont!
Missing character: There is no r in font nullfont!
Missing character: There is no a in font nullfont!
Missing character: There is no o in font nullfont!
Missing character: There is no p in font nullfont!
Missing character: There is no t in font nullfont!
Missing character: There is no a in font nullfont!
Missing character: There is no r in font nullfont!
Missing character: There is no a in font nullfont!
Missing character: There is no l in font nullfont!
Missing character: There is no t in font nullfont!
Missing character: There is no t in font nullfont!
Missing character: There is no u in font nullfont!
Missing character: There is no l in font nullfont!
Missing character: There is no o in font nullfont!
Missing character: There is no d in font nullfont!
Missing character: There is no e in font nullfont!

Overfull \hbox (2.77779pt too wide) in paragraph at lines 15--15
 \/cmr/m/n/10 ^^S^^P 
 []


Overfull \hbox (47.11089pt too wide) in paragraph at lines 16--17
 []\OT1/cmr/bx/n/10 Ingeniero 
 []


Overfull \hbox (23.9582pt too wide) in paragraph at lines 16--17
 \OT1/cmr/bx/n/10 Civil 
 []


Overfull \hbox (56.53444pt too wide) in paragraph at lines 16--17
 \OT1/cmr/bx/n/10 Electr^^Sonico 
 []

Missing character: There is no A in font nullfont!
Missing character: There is no l in font nullfont!
Missing character: There is no u in font nullfont!
Missing character: There is no m in font nullfont!
Missing character: There is no n in font nullfont!
Missing character: There is no o in font nullfont!

Overfull \hbox (46.79141pt too wide) in paragraph at lines 21--23
 []\OT1/cmr/bx/n/10 Leonardo 
 []


Overfull \hbox (15.97214pt too wide) in paragraph at lines 21--23
 \OT1/cmr/bx/n/10 So- 
 []


Overfull \hbox (10.92493pt too wide) in paragraph at lines 21--23
 \OT1/cmr/bx/n/10 lis 
 []


Overfull \hbox (38.27754pt too wide) in paragraph at lines 21--23
 \OT1/cmr/bx/n/10 Zamora 
 []

Missing character: There is no P in font nullfont!
Missing character: There is no r in font nullfont!
Missing character: There is no o in font nullfont!
Missing character: There is no f in font nullfont!
Missing character: There is no e in font nullfont!
Missing character: There is no s in font nullfont!
Missing character: There is no o in font nullfont!
Missing character: There is no r in font nullfont!
Missing character: There is no G in font nullfont!
Missing character: There is no u in font nullfont!
Missing character: There is no a in font nullfont!

Overfull \hbox (2.77779pt too wide) in paragraph at lines 24--24
 \/cmr/m/n/10 ^^S^^P 
 []


Overfull \hbox (40.40953pt too wide) in paragraph at lines 25--27
 []\OT1/cmr/bx/n/10 Nombre 
 []


Overfull \hbox (14.8541pt too wide) in paragraph at lines 25--27
 \OT1/cmr/bx/n/10 del 
 []


Overfull \hbox (20.70824pt too wide) in paragraph at lines 25--27
 \OT1/cmr/bx/n/10 pro- 
 []


Overfull \hbox (12.618pt too wide) in paragraph at lines 25--27
 \OT1/cmr/bx/n/10 fe- 
 []


Overfull \hbox (15.02214pt too wide) in paragraph at lines 25--27
 \OT1/cmr/bx/n/10 sor 
 []

Missing character: There is no C in font nullfont!
Missing character: There is no o in font nullfont!
Missing character: There is no m in font nullfont!
Missing character: There is no i in font nullfont!
Missing character: There is no s in font nullfont!
Missing character: There is no i in font nullfont!
Missing character: There is no n in font nullfont!
Missing character: There is no e in font nullfont!
Missing character: There is no v in font nullfont!
Missing character: There is no a in font nullfont!
Missing character: There is no l in font nullfont!
Missing character: There is no u in font nullfont!
Missing character: There is no a in font nullfont!
Missing character: There is no d in font nullfont!
Missing character: There is no o in font nullfont!
Missing character: There is no r in font nullfont!
Missing character: There is no a in font nullfont!

Overfull \hbox (5.00002pt too wide) in paragraph at lines 28--28
 []\/cmr/m/n/10 ^^So 
 []

Missing character: There is no , in font nullfont!
Missing character: There is no C in font nullfont!
Missing character: There is no o in font nullfont!
Missing character: There is no r in font nullfont!
Missing character: There is no r in font nullfont!
Missing character: There is no e in font nullfont!
Missing character: There is no f in font nullfont!
Missing character: There is no e in font nullfont!
Missing character: There is no r in font nullfont!
Missing character: There is no e in font nullfont!
Missing character: There is no n in font nullfont!
Missing character: There is no t in font nullfont!
Missing character: There is no e in font nullfont!
Missing character: There is no , in font nullfont!
Missing character: There is no U in font nullfont!
Missing character: There is no T in font nullfont!
Missing character: There is no F in font nullfont!
Missing character: There is no S in font nullfont!
Missing character: There is no M in font nullfont!

Overfull \hbox (40.40953pt too wide) in paragraph at lines 29--29
 []\OT1/cmr/bx/n/10 Nombre 
 []


Overfull \hbox (14.8541pt too wide) in paragraph at lines 29--29
 \OT1/cmr/bx/n/10 del 
 []


Overfull \hbox (33.90958pt too wide) in paragraph at lines 29--29
 \OT1/cmr/bx/n/10 primer 
 []


Overfull \hbox (19.43047pt too wide) in paragraph at lines 29--29
 \OT1/cmr/bx/n/10 cor- 
 []


Overfull \hbox (17.3541pt too wide) in paragraph at lines 29--29
 \OT1/cmr/bx/n/10 ref- 
 []


Overfull \hbox (13.84023pt too wide) in paragraph at lines 29--29
 \OT1/cmr/bx/n/10 er- 
 []


Overfull \hbox (21.08324pt too wide) in paragraph at lines 29--29
 \OT1/cmr/bx/n/10 ente 
 []

Missing character: There is no , in font nullfont!
Missing character: There is no C in font nullfont!
Missing character: There is no o in font nullfont!
Missing character: There is no r in font nullfont!
Missing character: There is no r in font nullfont!
Missing character: There is no e in font nullfont!
Missing character: There is no f in font nullfont!
Missing character: There is no e in font nullfont!
Missing character: There is no r in font nullfont!
Missing character: There is no e in font nullfont!
Missing character: There is no n in font nullfont!
Missing character: There is no t in font nullfont!
Missing character: There is no e in font nullfont!
Missing character: There is no , in font nullfont!
Missing character: There is no C in font nullfont!
Missing character: There is no O in font nullfont!
Missing character: There is no D in font nullfont!
Missing character: There is no E in font nullfont!
Missing character: There is no L in font nullfont!
Missing character: There is no C in font nullfont!
Missing character: There is no O in font nullfont!

Overfull \hbox (40.40953pt too wide) in paragraph at lines 30--32
 []\OT1/cmr/bx/n/10 Nombre 
 []


Overfull \hbox (14.8541pt too wide) in paragraph at lines 30--32
 \OT1/cmr/bx/n/10 del 
 []


Overfull \hbox (13.6402pt too wide) in paragraph at lines 30--32
 \OT1/cmr/bx/n/10 se- 
 []


Overfull \hbox (30.6665pt too wide) in paragraph at lines 30--32
 \OT1/cmr/bx/n/10 gundo 
 []


Overfull \hbox (19.43047pt too wide) in paragraph at lines 30--32
 \OT1/cmr/bx/n/10 cor- 
 []


Overfull \hbox (17.3541pt too wide) in paragraph at lines 30--32
 \OT1/cmr/bx/n/10 ref- 
 []


Overfull \hbox (13.84023pt too wide) in paragraph at lines 30--32
 \OT1/cmr/bx/n/10 er- 
 []


Overfull \hbox (21.08324pt too wide) in paragraph at lines 30--32
 \OT1/cmr/bx/n/10 ente 
 []

Missing character: There is no O in font nullfont!
Missing character: There is no c in font nullfont!
Missing character: There is no t in font nullfont!
Missing character: There is no u in font nullfont!
Missing character: There is no b in font nullfont!
Missing character: There is no r in font nullfont!
Missing character: There is no e in font nullfont!
Missing character: There is no 2 in font nullfont!
Missing character: There is no 0 in font nullfont!
Missing character: There is no 2 in font nullfont!
Missing character: There is no 4 in font nullfont!
Missing character: There is no , in font nullfont!
Missing character: There is no V in font nullfont!
Missing character: There is no a in font nullfont!
Missing character: There is no l in font nullfont!
Missing character: There is no p in font nullfont!
Missing character: There is no a in font nullfont!
Missing character: There is no r in font nullfont!
Missing character: There is no a in font nullfont!
Missing character: There is no s in font nullfont!
Missing character: There is no o in font nullfont!
Missing character: There is no , in font nullfont!
Missing character: There is no C in font nullfont!
Missing character: There is no h in font nullfont!
Missing character: There is no i in font nullfont!
Missing character: There is no l in font nullfont!
Missing character: There is no e in font nullfont!

Overfull \hbox (2.77779pt too wide) in paragraph at lines 33--34
 \/cmr/m/n/10 ^^S^^P 
 []


! LaTeX Error: \begin{document} ended by \end{titlepage}.

See the LaTeX manual or LaTeX Companion for explanation.
Type  H <return>  for immediate help.
 ...                                              
                                                  
l.35 \end{titlepage}
                    
Your command was ignored.
Type  I <command> <return>  to replace it with another command,
or  <return>  to continue without it.

)
! Emergency stop.
<*> ./titlepage_thesis.tex
                          
*** (job aborted, no legal \end found)

 
Here is how much of TeX's memory you used:
 37 strings out of 474485
 717 string characters out of 5760142
 1926542 words of memory out of 5000000
 22423 multiletter control sequences out of 15000+600000
 558377 words of font info for 37 fonts, out of 8000000 for 9000
 1141 hyphenation exceptions out of 8191
 23i,1n,32p,138b,151s stack positions out of 10000i,1000n,20000p,200000b,200000s
!  ==> Fatal error occurred, no output PDF file produced!
